<?xml version="1.0" encoding="UTF-8"?>
<testsuite xmlns:xsi="http://www.w3.org/2001/XMLSchema-instance" xsi:noNamespaceSchemaLocation="https://maven.apache.org/surefire/maven-surefire-plugin/xsd/surefire-test-report.xsd" name="UiRegressionRunner" time="22.673" tests="5" errors="0" skipped="0" failures="0">
  <properties>
[...]
</properties>
  <testcase name="Positive Case. As a user, I want to successfully create Digital Bank Account" classname="co.wedevx.digitalbank.automation.ui.runners.UiRegressionRunner" time="10.833"/>
  <testcase name="Example #1" classname="co.wedevx.digitalbank.automation.ui.runners.UiRegressionRunner" time="4.598"/>
  <testcase name="Example #2" classname="co.wedevx.digitalbank.automation.ui.runners.UiRegressionRunner" time="2.021"/>
  <testcase name="Example #3" classname="co.wedevx.digitalbank.automation.ui.runners.UiRegressionRunner" time="1.864"/>
  <testcase name="Example #4" classname="co.wedevx.digitalbank.automation.ui.runners.UiRegressionRunner" time="2.004"/>
</testsuite>